[2017-03-14 14:17:57] requirements_debian_update_system
requirements_debian_update_system () 
{ 
    __rvm_try_sudo apt-get --quiet --yes update || { 
        \typeset __ret=$?;
        case ${__ret} in 
            100)
                rvm_error "There has been error while updating 'apt-get', please give it some time and try again later.
404 errors should be fixed for rvm to proceed. Check your sources configured in:
    /etc/apt/sources.list
    /etc/apt/sources.list.d/*.list
"
            ;;
        esac;
        return ${__ret}
    }
}
current path: /home/quirky
PATH=/home/quirky/bin:/home/quirky/.local/bin:/usr/local/sbin:/usr/local/bin:/usr/sbin:/usr/bin:/sbin:/bin:/usr/games:/usr/local/games:/snap/bin:/home/quirky/.rvm/bin:/home/quirky/.rvm/bin
command(2): requirements_debian_update_system ruby-2.3.3
++ __rvm_try_sudo apt-get --quiet --yes update
++ typeset -a command_to_run
++ typeset sudo_path sbin_path missing_paths
++ command_to_run=("$@")
++ ((  UID == 0  ))
++ case "$rvm_autolibs_flag_number" in
++ is_a_function __rvm_sudo
++ typeset -f __rvm_sudo
++ missing_paths=
++ for sbin_path in /sbin /usr/sbin /usr/local/sbin
++ [[ -d /sbin ]]
++ [[ :/home/quirky/bin:/home/quirky/.local/bin:/usr/local/sbin:/usr/local/bin:/usr/sbin:/usr/bin:/sbin:/bin:/usr/games:/usr/local/games:/snap/bin:/home/quirky/.rvm/bin:/home/quirky/.rvm/bin: != *\:\/\s\b\i\n\:* ]]
++ for sbin_path in /sbin /usr/sbin /usr/local/sbin
++ [[ -d /usr/sbin ]]
++ [[ :/home/quirky/bin:/home/quirky/.local/bin:/usr/local/sbin:/usr/local/bin:/usr/sbin:/usr/bin:/sbin:/bin:/usr/games:/usr/local/games:/snap/bin:/home/quirky/.rvm/bin:/home/quirky/.rvm/bin: != *\:\/\u\s\r\/\s\b\i\n\:* ]]
++ for sbin_path in /sbin /usr/sbin /usr/local/sbin
++ [[ -d /usr/local/sbin ]]
++ [[ :/home/quirky/bin:/home/quirky/.local/bin:/usr/local/sbin:/usr/local/bin:/usr/sbin:/usr/bin:/sbin:/bin:/usr/games:/usr/local/games:/snap/bin:/home/quirky/.rvm/bin:/home/quirky/.rvm/bin: != *\:\/\u\s\r\/\l\o\c\a\l\/\s\b\i\n\:* ]]
++ [[ -n '' ]]
++ command_to_run=(__rvm_sudo -p "%p password required for '$*': " "${command_to_run[@]}")
++ __rvm_sudo -p '%p password required for '\''apt-get --quiet --yes update'\'': ' apt-get --quiet --yes update
++ command sudo -p '%p password required for '\''apt-get --quiet --yes update'\'': ' apt-get --quiet --yes update
++ sudo -p '%p password required for '\''apt-get --quiet --yes update'\'': ' apt-get --quiet --yes update
Get:1 http://security.ubuntu.com/ubuntu xenial-security InRelease [102 kB]
Hit:2 http://za.archive.ubuntu.com/ubuntu xenial InRelease
Get:3 http://za.archive.ubuntu.com/ubuntu xenial-updates InRelease [102 kB]
Get:4 http://security.ubuntu.com/ubuntu xenial-security/main amd64 DEP-11 Metadata [54.2 kB]
Get:5 http://za.archive.ubuntu.com/ubuntu xenial-backports InRelease [102 kB]
Get:6 http://security.ubuntu.com/ubuntu xenial-security/main DEP-11 64x64 Icons [42.4 kB]
Get:7 http://security.ubuntu.com/ubuntu xenial-security/universe amd64 DEP-11 Metadata [32.1 kB]
Get:8 http://za.archive.ubuntu.com/ubuntu xenial-updates/main amd64 DEP-11 Metadata [288 kB]
Get:9 http://security.ubuntu.com/ubuntu xenial-security/universe DEP-11 64x64 Icons [37.0 kB]
Get:10 http://za.archive.ubuntu.com/ubuntu xenial-updates/main DEP-11 64x64 Icons [195 kB]
Get:11 http://za.archive.ubuntu.com/ubuntu xenial-updates/universe amd64 DEP-11 Metadata [151 kB]
Get:12 http://za.archive.ubuntu.com/ubuntu xenial-updates/universe DEP-11 64x64 Icons [175 kB]
Get:13 http://za.archive.ubuntu.com/ubuntu xenial-updates/multiverse amd64 DEP-11 Metadata [2,520 B]
Get:14 http://za.archive.ubuntu.com/ubuntu xenial-backports/main amd64 DEP-11 Metadata [3,324 B]
Fetched 1,287 kB in 13s (98.0 kB/s)
Reading package lists...
